[train] earch/prepped_setup12_60_features \
  --out_dir  /home/jason/ml/datasets/models/prepped_setup12_60_setup \
  --label_up_col   label_dir_up_8pt30m \
  --label_down_col label_setup_down_12pt60m \
  --model_type lstm --bptt 1024 --seq_stride 1024 --drop_last_window 1 \
  --batch_by_day 1 --shuffle_days 0 --shuffle_within_day 0 \
  --num_workers 4 --prefetch 4 --persistent_workers 1 --pin_memory 1 --mp_ctx spawn \
  --amp 1 \
  --lr 1e-3 --grad_accum 2 --weight_decay 1e-4
[cuda] using device 0: NVIDIA GeForce RTX 5090
[amp] enabled=True dtype=torch.float32 device=cuda
[val 20220105] ep 01 tr:loss=0.6596 | va:APμ=0.6367 AP̄=0.3606 F1̄=0.7351 prev=0.02 sel=prauc:0.6367 (time=0.9s)
[best-epoch] New best prauc=0.6367 -> /home/jason/ml/datasets/models/prepped_setup12_60_setup/model_val20220105.pt
[val 20220105] ep 02 tr:loss=0.6174 | va:APμ=0.6347 AP̄=0.3593 F1̄=0.7351 prev=0.02 sel=prauc:0.6347 (time=0.4s)
[val 20220105] ep 03 tr:loss=0.5790 | va:APμ=0.6388 AP̄=0.3625 F1̄=0.7352 prev=0.02 sel=prauc:0.6388 (time=0.3s)
[best-epoch] New best prauc=0.6388 -> /home/jason/ml/datasets/models/prepped_setup12_60_setup/model_val20220105.pt
[val 20220105] ep 04 tr:loss=0.5655 | va:APμ=0.6508 AP̄=0.3686 F1̄=0.7351 prev=0.02 sel=prauc:0.6508 (time=0.3s)
[best-epoch] New best prauc=0.6508 -> /home/jason/ml/datasets/models/prepped_setup12_60_setup/model_val20220105.pt
[val 20220105] ep 05 tr:loss=0.5470 | va:APμ=0.6539 AP̄=0.3705 F1̄=0.7352 prev=0.02 sel=prauc:0.6539 (time=0.3s)
[best-epoch] New best prauc=0.6539 -> /home/jason/ml/datasets/models/prepped_setup12_60_setup/model_val20220105.pt
[val 20220106] ep 01 tr:loss=0.5890 | va:APμ=0.2683 AP̄=0.2560 F1̄=0.3894 prev=0.30 sel=prauc:0.2683 (time=0.8s)
